<?xml version="1.0" encoding="UTF-8"?>
<testsuite xmlns:xsi="http://www.w3.org/2001/XMLSchema-instance" xsi:noNamespaceSchemaLocation="https://maven.apache.org/surefire/maven-surefire-plugin/xsd/surefire-test-report-3.0.xsd" version="3.0" name="MyTest" time="0.179" tests="40" errors="0" skipped="0" failures="0">
  <properties>
[...]
</properties>
  <testcase name="testPasswordHappy(String)[1]" classname="MyTest" time="0.054"/>
  <testcase name="testPasswordHappy(String)[2]" classname="MyTest" time="0"/>
  <testcase name="testPhoneNumberHappy(String)[1]" classname="MyTest" time="0.002"/>
  <testcase name="testPhoneNumberHappy(String)[2]" classname="MyTest" time="0"/>
  <testcase name="testPhoneNumberSad(String)[1]" classname="MyTest" time="0.003"/>
  <testcase name="testPhoneNumberSad(String)[2]" classname="MyTest" time="0.001"/>
  <testcase name="testPhoneNumberSad(String)[3]" classname="MyTest" time="0.001"/>
  <testcase name="testPhoneNumberSad(String)[4]" classname="MyTest" time="0.001"/>
  <testcase name="testEmailHappy(String)[1]" classname="MyTest" time="0.001"/>
  <testcase name="testEmailHappy(String)[2]" classname="MyTest" time="0"/>
  <testcase name="testEmailHappy(String)[3]" classname="MyTest" time="0"/>
  <testcase name="testEmailHappy(String)[4]" classname="MyTest" time="0.002"/>
  <testcase name="testEmailHappy(String)[5]" classname="MyTest" time="0"/>
  <testcase name="testEmailHappy(String)[6]" classname="MyTest" time="0"/>
  <testcase name="testEmailHappy(String)[7]" classname="MyTest" time="0"/>
  <testcase name="testEmailHappy(String)[8]" classname="MyTest" time="0"/>
  <testcase name="testEmailHappy(String)[9]" classname="MyTest" time="0"/>
  <testcase name="testPasswordSad(String)[1]" classname="MyTest" time="0.001"/>
  <testcase name="testPasswordSad(String)[2]" classname="MyTest" time="0"/>
  <testcase name="testPasswordSad(String)[3]" classname="MyTest" time="0.001"/>
  <testcase name="testPasswordSad(String)[4]" classname="MyTest" time="0.001"/>
  <testcase name="testNameSad(String)[1]" classname="MyTest" time="0.001"/>
  <testcase name="testNameSad(String)[2]" classname="MyTest" time="0"/>
  <testcase name="testNameSad(String)[3]" classname="MyTest" time="0"/>
  <testcase name="testNameSad(String)[4]" classname="MyTest" time="0"/>
  <testcase name="testEmailSad(String)[1]" classname="MyTest" time="0.001"/>
  <testcase name="testEmailSad(String)[2]" classname="MyTest" time="0.002"/>
  <testcase name="testEmailSad(String)[3]" classname="MyTest" time="0.001"/>
  <testcase name="testEmailSad(String)[4]" classname="MyTest" time="0"/>
  <testcase name="testEmailSad(String)[5]" classname="MyTest" time="0.001"/>
  <testcase name="testEmailSad(String)[6]" classname="MyTest" time="0.001"/>
  <testcase name="testEmailSad(String)[7]" classname="MyTest" time="0"/>
  <testcase name="testEmailSad(String)[8]" classname="MyTest" time="0"/>
  <testcase name="testEmailSad(String)[9]" classname="MyTest" time="0.001"/>
  <testcase name="testEmailSad(String)[10]" classname="MyTest" time="0.001"/>
  <testcase name="testEmailSad(String)[11]" classname="MyTest" time="0"/>
  <testcase name="testEmailSad(String)[12]" classname="MyTest" time="0"/>
  <testcase name="testEmailSad(String)[13]" classname="MyTest" time="0.001"/>
  <testcase name="testNameHappy(String)[1]" classname="MyTest" time="0.001"/>
  <testcase name="testNameHappy(String)[2]" classname="MyTest" time="0"/>
</testsuite>